<?xml version="1.0" encoding="UTF-8"?>
<testsuite name="WizardTD.KeyPressTest" tests="14" skipped="0" failures="0" errors="0" timestamp="2025-02-19T04:36:42" hostname="victor-pc" time="3.126">
  <properties/>
  <testcase name="testMouseManaPoolSpell1()" classname="WizardTD.KeyPressTest" time="0.238"/>
  <testcase name="testMouseManaPoolSpell2()" classname="WizardTD.KeyPressTest" time="0.234"/>
  <testcase name="testMouseManaPoolSpell3()" classname="WizardTD.KeyPressTest" time="0.231"/>
  <testcase name="testMouseFastForward1()" classname="WizardTD.KeyPressTest" time="0.219"/>
  <testcase name="testMouseBuildShooter1()" classname="WizardTD.KeyPressTest" time="0.216"/>
  <testcase name="testMouseBuildShooter2()" classname="WizardTD.KeyPressTest" time="0.216"/>
  <testcase name="testMouseUpgrade1()" classname="WizardTD.KeyPressTest" time="0.216"/>
  <testcase name="testMouseUpgrade2()" classname="WizardTD.KeyPressTest" time="0.223"/>
  <testcase name="testMouseUpgrade3()" classname="WizardTD.KeyPressTest" time="0.216"/>
  <testcase name="testMousePause1()" classname="WizardTD.KeyPressTest" time="0.216"/>
  <testcase name="testRestart1()" classname="WizardTD.KeyPressTest" time="0.235"/>
  <testcase name="testRestart2()" classname="WizardTD.KeyPressTest" time="0.217"/>
  <testcase name="testMouseSprayer1()" classname="WizardTD.KeyPressTest" time="0.219"/>
  <testcase name="testMouseSprayer2()" classname="WizardTD.KeyPressTest" time="0.214"/>
  <system-out><![CDATA[]]></system-out>
  <system-err><![CDATA[]]></system-err>
</testsuite>
